2011-03-31 20:05:39 Notice: Notice (1024): Please change the value of 'Security.salt' in app/config/core.php to a salt value specific to your application in [/var/www/catwork/eventweet/cake/libs/debugger.php, line 684]
2011-03-31 20:05:39 Notice: Notice (1024): Please change the value of 'Security.cipherSeed' in app/config/core.php to a numeric (digits only) seed value specific to your application in [/var/www/catwork/eventweet/cake/libs/debugger.php, line 688]
2011-04-01 15:51:22 Notice: Notice (8): Undefined variable: paginator in [/var/www/catwork/eventweet/app/views/tweets/index.ctp, line 5]
2011-04-01 16:24:47 Notice: Notice (8): Trying to get property of non-object in [/var/www/catwork/eventweet/app/controllers/tweets_controller.php, line 15]
2011-04-01 16:24:47 Notice: Notice (8): Undefined variable: tweets in [/var/www/catwork/eventweet/app/controllers/tweets_controller.php, line 28]
2011-04-01 16:24:52 Notice: Notice (8): Trying to get property of non-object in [/var/www/catwork/eventweet/app/controllers/tweets_controller.php, line 15]
2011-04-01 16:24:52 Notice: Notice (8): Undefined variable: tweets in [/var/www/catwork/eventweet/app/controllers/tweets_controller.php, line 28]
2011-04-01 16:25:31 Notice: Notice (8): Undefined index: profile_image_url in [/var/www/catwork/eventweet/app/views/tweets/index.ctp, line 7]
2011-04-01 16:25:31 Notice: Notice (8): Uninitialized string offset: 0 in [/var/www/catwork/eventweet/cake/libs/view/helpers/html.php, line 608]
2011-04-01 16:25:31 Notice: Notice (8): Undefined index: from_user in [/var/www/catwork/eventweet/app/views/tweets/index.ctp, line 8]
2011-04-01 16:25:31 Notice: Notice (8): Undefined index: from_user in [/var/www/catwork/eventweet/app/views/tweets/index.ctp, line 11]
2011-04-01 16:25:52 Notice: Notice (8): Undefined index: profile_image_url in [/var/www/catwork/eventweet/app/views/tweets/index.ctp, line 7]
2011-04-01 16:25:52 Notice: Notice (8): Uninitialized string offset: 0 in [/var/www/catwork/eventweet/cake/libs/view/helpers/html.php, line 608]
2011-04-01 16:25:52 Notice: Notice (8): Undefined index: from_user in [/var/www/catwork/eventweet/app/views/tweets/index.ctp, line 8]
2011-04-01 16:25:52 Notice: Notice (8): Undefined index: from_user in [/var/www/catwork/eventweet/app/views/tweets/index.ctp, line 11]
2011-04-04 21:44:18 Notice: Notice (8): Undefined variable: key in [/var/www/catwork/eventweet/app/models/tweet.php, line 12]
2011-04-04 21:49:59 Notice: Notice (8): Undefined variable: tweets in [/var/www/catwork/eventweet/app/models/tweet.php, line 13]
2011-04-04 21:49:59 Notice: Notice (8): Undefined offset: 1 in [/var/www/catwork/eventweet/app/models/tweet.php, line 13]
2011-04-04 21:49:59 Notice: Notice (8): Undefined offset: 2 in [/var/www/catwork/eventweet/app/models/tweet.php, line 13]
2011-04-04 21:49:59 Notice: Notice (8): Undefined offset: 3 in [/var/www/catwork/eventweet/app/models/tweet.php, line 13]
2011-04-04 21:49:59 Notice: Notice (8): Undefined offset: 4 in [/var/www/catwork/eventweet/app/models/tweet.php, line 13]
2011-04-04 21:49:59 Notice: Notice (8): Undefined offset: 5 in [/var/www/catwork/eventweet/app/models/tweet.php, line 13]
2011-04-04 21:49:59 Notice: Notice (8): Undefined offset: 6 in [/var/www/catwork/eventweet/app/models/tweet.php, line 13]
2011-04-04 21:49:59 Notice: Notice (8): Undefined offset: 7 in [/var/www/catwork/eventweet/app/models/tweet.php, line 13]
2011-04-04 21:49:59 Notice: Notice (8): Undefined offset: 8 in [/var/www/catwork/eventweet/app/models/tweet.php, line 13]
2011-04-04 21:49:59 Notice: Notice (8): Undefined offset: 9 in [/var/www/catwork/eventweet/app/models/tweet.php, line 13]
2011-04-04 21:49:59 Notice: Notice (8): Undefined offset: 10 in [/var/www/catwork/eventweet/app/models/tweet.php, line 13]
2011-04-04 21:49:59 Notice: Notice (8): Undefined offset: 11 in [/var/www/catwork/eventweet/app/models/tweet.php, line 13]
2011-04-04 21:49:59 Notice: Notice (8): Undefined offset: 12 in [/var/www/catwork/eventweet/app/models/tweet.php, line 13]
2011-04-04 21:49:59 Notice: Notice (8): Undefined offset: 13 in [/var/www/catwork/eventweet/app/models/tweet.php, line 13]
2011-04-04 21:49:59 Notice: Notice (8): Undefined offset: 14 in [/var/www/catwork/eventweet/app/models/tweet.php, line 13]
2011-04-04 21:55:43 Notice: Notice (8): Undefined variable: key in [/var/www/catwork/eventweet/app/models/tweet.php, line 22]
2011-04-05 20:36:08 Notice: Notice (8): Trying to get property of non-object in [/var/www/catwork/eventweet/app/models/tweet.php, line 10]
2011-04-05 20:36:08 Notice: Notice (8): Undefined variable: tweets in [/var/www/catwork/eventweet/app/models/tweet.php, line 17]
2011-04-07 11:47:17 Notice: Notice (8): Undefined variable: tweets in [/var/www/catwork/eventweet/app/controllers/tweets_controller.php, line 23]
2011-04-07 11:47:25 Notice: Notice (8): Undefined variable: tweets in [/var/www/catwork/eventweet/app/controllers/tweets_controller.php, line 23]
2011-04-07 11:47:30 Notice: Notice (8): Undefined variable: tweets in [/var/www/catwork/eventweet/app/controllers/tweets_controller.php, line 23]
2011-04-07 11:47:40 Notice: Notice (8): Undefined variable: tweets in [/var/www/catwork/eventweet/app/controllers/tweets_controller.php, line 23]
2011-04-07 11:47:50 Notice: Notice (8): Undefined variable: tweets in [/var/www/catwork/eventweet/app/controllers/tweets_controller.php, line 23]
2011-04-07 11:48:00 Notice: Notice (8): Undefined variable: tweets in [/var/www/catwork/eventweet/app/controllers/tweets_controller.php, line 23]
2011-04-07 11:48:10 Notice: Notice (8): Undefined variable: tweets in [/var/www/catwork/eventweet/app/controllers/tweets_controller.php, line 22]
2011-04-07 13:22:21 Notice: Notice (8): session_start() [http://php.net/function.session-start]: ps_files_cleanup_dir: opendir(/var/lib/php5) failed: Permission denied (13) in [/var/www/catwork/eventweet/cake/libs/cake_session.php, line 587]
2011-04-07 17:30:20 Notice: Notice (8): session_start() [http://php.net/function.session-start]: ps_files_cleanup_dir: opendir(/var/lib/php5) failed: Permission denied (13) in [/var/www/eventweet/cake/libs/cake_session.php, line 587]
